<?xml version="1.0" encoding="UTF-8"?>
<!-- Generated by org.testng.reporters.JUnitReportReporter -->
<testsuite hostname="nabbasi-laptop" failures="0" tests="1" name="org.mobileAutomation.AppiumAutomation.eCommerce_tc_4" time="39.464" errors="0" timestamp="2023-12-13T07:30:22 PST" skipped="0">
  <testcase classname="org.mobileAutomation.AppiumAutomation.eCommerce_tc_4" name="SwitchingHybrid" time="39.464"/>
  <system-out/>
</testsuite> <!-- org.mobileAutomation.AppiumAutomation.eCommerce_tc_4 -->
